<?xml version="1.0" encoding="UTF-8"?>
<testsuite name="test_date_adjustment.TestDateAdjustmentSubfunction-20230111105813" tests="9" file="test_date_adjustment.py" time="0.339" timestamp="2023-01-11T10:58:21" failures="0" errors="0" skipped="0">
	<testcase classname="test_date_adjustment.TestDateAdjustmentSubfunction" name="test_dataframe" time="0.016" timestamp="2023-01-11T10:58:20" file="test_date_adjustment.py" line="1803"/>
	<testcase classname="test_date_adjustment.TestDateAdjustmentSubfunction" name="test_date_adjustment_calculation" time="0.063" timestamp="2023-01-11T10:58:20" file="test_date_adjustment.py" line="1829"/>
	<testcase classname="test_date_adjustment.TestDateAdjustmentSubfunction" name="test_input_is_not_dataframe" time="0.000" timestamp="2023-01-11T10:58:20" file="test_date_adjustment.py" line="1795"/>
	<testcase classname="test_date_adjustment.TestDateAdjustmentSubfunction" name="test_input_provided" time="0.000" timestamp="2023-01-11T10:58:20" file="test_date_adjustment.py" line="1790"/>
	<testcase classname="test_date_adjustment.TestDateAdjustmentSubfunction" name="test_output_contains_cols_for_next_function" time="0.060" timestamp="2023-01-11T10:58:20" file="test_date_adjustment.py" line="1846"/>
	<testcase classname="test_date_adjustment.TestDateAdjustmentSubfunction" name="test_required_cols_missing_from_input" time="0.018" timestamp="2023-01-11T10:58:20" file="test_date_adjustment.py" line="1812"/>
	<testcase classname="test_date_adjustment.TestDateAdjustmentSubfunction" name="test_return_is_dataframe" time="0.060" timestamp="2023-01-11T10:58:20" file="test_date_adjustment.py" line="1820"/>
	<testcase classname="test_date_adjustment.TestDateAdjustmentSubfunction" name="test_weights_m_equals_null_on_E10" time="0.061" timestamp="2023-01-11T10:58:21" file="test_date_adjustment.py" line="1863"/>
	<testcase classname="test_date_adjustment.TestDateAdjustmentSubfunction" name="test_weights_n_equals_null_on_E11" time="0.060" timestamp="2023-01-11T10:58:21" file="test_date_adjustment.py" line="1881"/>
</testsuite>
