<?xml version="1.0" encoding="UTF-8"?>
<testsuite name="test_date_adjustment.TestPrimaryWranglerSubfunction-20230111105813" tests="20" file="test_date_adjustment.py" time="0.843" timestamp="2023-01-11T10:58:22" failures="0" errors="0" skipped="0">
	<testcase classname="test_date_adjustment.TestPrimaryWranglerSubfunction" name="test_E14_when_expected_start_date_is_invalid" time="0.058" timestamp="2023-01-11T10:58:21" file="test_date_adjustment.py" line="1096"/>
	<testcase classname="test_date_adjustment.TestPrimaryWranglerSubfunction" name="test_E15_when_expected_end_date_is_invalid" time="0.057" timestamp="2023-01-11T10:58:22" file="test_date_adjustment.py" line="1118"/>
	<testcase classname="test_date_adjustment.TestPrimaryWranglerSubfunction" name="test_dataframe" time="0.014" timestamp="2023-01-11T10:58:22" file="test_date_adjustment.py" line="835"/>
	<testcase classname="test_date_adjustment.TestPrimaryWranglerSubfunction" name="test_equal_weighted_y_correct" time="0.057" timestamp="2023-01-11T10:58:22" file="test_date_adjustment.py" line="961"/>
	<testcase classname="test_date_adjustment.TestPrimaryWranglerSubfunction" name="test_failure_on_no_input" time="0.000" timestamp="2023-01-11T10:58:22" file="test_date_adjustment.py" line="805"/>
	<testcase classname="test_date_adjustment.TestPrimaryWranglerSubfunction" name="test_m_weight_zero_when_E03_generated" time="0.057" timestamp="2023-01-11T10:58:22" file="test_date_adjustment.py" line="1033"/>
	<testcase classname="test_date_adjustment.TestPrimaryWranglerSubfunction" name="test_m_weight_zero_when_E04_generated" time="0.056" timestamp="2023-01-11T10:58:22" file="test_date_adjustment.py" line="1054"/>
	<testcase classname="test_date_adjustment.TestPrimaryWranglerSubfunction" name="test_m_weight_zero_when_E05_generated" time="0.056" timestamp="2023-01-11T10:58:22" file="test_date_adjustment.py" line="1075"/>
	<testcase classname="test_date_adjustment.TestPrimaryWranglerSubfunction" name="test_no_bank_contributor_ends" time="0.055" timestamp="2023-01-11T10:58:22" file="test_date_adjustment.py" line="904"/>
	<testcase classname="test_date_adjustment.TestPrimaryWranglerSubfunction" name="test_no_blank_contributor_starts" time="0.056" timestamp="2023-01-11T10:58:22" file="test_date_adjustment.py" line="892"/>
	<testcase classname="test_date_adjustment.TestPrimaryWranglerSubfunction" name="test_num_days_calculation_correct" time="0.056" timestamp="2023-01-11T10:58:22" file="test_date_adjustment.py" line="941"/>
	<testcase classname="test_date_adjustment.TestPrimaryWranglerSubfunction" name="test_num_days_column_created" time="0.054" timestamp="2023-01-11T10:58:22" file="test_date_adjustment.py" line="930"/>
	<testcase classname="test_date_adjustment.TestPrimaryWranglerSubfunction" name="test_output_is_dataframe" time="0.054" timestamp="2023-01-11T10:58:22" file="test_date_adjustment.py" line="877"/>
	<testcase classname="test_date_adjustment.TestPrimaryWranglerSubfunction" name="test_outputs_zeroed_when_E02_generated" time="0.056" timestamp="2023-01-11T10:58:22" file="test_date_adjustment.py" line="1010"/>
	<testcase classname="test_date_adjustment.TestPrimaryWranglerSubfunction" name="test_validate_input_dataframe_type" time="0.000" timestamp="2023-01-11T10:58:22" file="test_date_adjustment.py" line="811"/>
	<testcase classname="test_date_adjustment.TestPrimaryWranglerSubfunction" name="test_validate_required_cols_in_input_dataframe" time="0.015" timestamp="2023-01-11T10:58:22" file="test_date_adjustment.py" line="849"/>
	<testcase classname="test_date_adjustment.TestPrimaryWranglerSubfunction" name="test_validate_required_cols_in_trading_weight" time="0.020" timestamp="2023-01-11T10:58:22" file="test_date_adjustment.py" line="861"/>
	<testcase classname="test_date_adjustment.TestPrimaryWranglerSubfunction" name="test_validate_trading_weights_type" time="0.013" timestamp="2023-01-11T10:58:22" file="test_date_adjustment.py" line="821"/>
	<testcase classname="test_date_adjustment.TestPrimaryWranglerSubfunction" name="test_weights_m_column_created" time="0.052" timestamp="2023-01-11T10:58:22" file="test_date_adjustment.py" line="918"/>
	<testcase classname="test_date_adjustment.TestPrimaryWranglerSubfunction" name="test_weights_m_set_correctly" time="0.056" timestamp="2023-01-11T10:58:22" file="test_date_adjustment.py" line="980"/>
</testsuite>
