<?xml version="1.0" encoding="UTF-8"?>
<testsuite name="test_selective_editing.TestSelectiveEditing-20230111105813" tests="30" file="test_selective_editing.py" time="0.434" timestamp="2023-01-11T10:58:24" failures="0" errors="0" skipped="0">
	<testcase classname="test_selective_editing.TestSelectiveEditing" name="test_fixed_output_columns_are_present" time="0.022" timestamp="2023-01-11T10:58:24" file="test_selective_editing.py" line="276"/>
	<testcase classname="test_selective_editing.TestSelectiveEditing" name="test_input_provided" time="0.000" timestamp="2023-01-11T10:58:24" file="test_selective_editing.py" line="62"/>
	<testcase classname="test_selective_editing.TestSelectiveEditing" name="test_minkowski_scores_are_present_when_minkowski_combination_used" time="0.024" timestamp="2023-01-11T10:58:24" file="test_selective_editing.py" line="303"/>
	<testcase classname="test_selective_editing.TestSelectiveEditing" name="test_predicted_markers_are_present_for_each_question" time="0.022" timestamp="2023-01-11T10:58:24" file="test_selective_editing.py" line="265"/>
	<testcase classname="test_selective_editing.TestSelectiveEditing" name="test_predictive_marker_being_set_to_false_when_apv_used" time="0.023" timestamp="2023-01-11T10:58:24" file="test_selective_editing.py" line="314"/>
	<testcase classname="test_selective_editing.TestSelectiveEditing" name="test_return_is_dataframe" time="0.023" timestamp="2023-01-11T10:58:24" file="test_selective_editing.py" line="242"/>
	<testcase classname="test_selective_editing.TestSelectiveEditing" name="test_scores_are_present_for_each_question" time="0.022" timestamp="2023-01-11T10:58:24" file="test_selective_editing.py" line="254"/>
	<testcase classname="test_selective_editing.TestSelectiveEditing" name="test_scores_as_expected_for_maximum_combination_mode" time="0.030" timestamp="2023-01-11T10:58:24" file="test_selective_editing.py" line="331"/>
	<testcase classname="test_selective_editing.TestSelectiveEditing" name="test_scores_as_expected_for_mean_combination_mode" time="0.030" timestamp="2023-01-11T10:58:24" file="test_selective_editing.py" line="362"/>
	<testcase classname="test_selective_editing.TestSelectiveEditing" name="test_scores_as_expected_for_minkowski_combination_mode" time="0.032" timestamp="2023-01-11T10:58:24" file="test_selective_editing.py" line="424"/>
	<testcase classname="test_selective_editing.TestSelectiveEditing" name="test_scores_as_expected_for_weighted_combination_mode" time="0.036" timestamp="2023-01-11T10:58:24" file="test_selective_editing.py" line="393"/>
	<testcase classname="test_selective_editing.TestSelectiveEditing" name="test_validate_basic_reference_columns_present" time="0.004" timestamp="2023-01-11T10:58:24" file="test_selective_editing.py" line="206"/>
	<testcase classname="test_selective_editing.TestSelectiveEditing" name="test_validate_column_name_param_type" time="0.004" timestamp="2023-01-11T10:58:24" file="test_selective_editing.py" line="193"/>
	<testcase classname="test_selective_editing.TestSelectiveEditing" name="test_validate_combination_method_type" time="0.004" timestamp="2023-01-11T10:58:24" file="test_selective_editing.py" line="157"/>
	<testcase classname="test_selective_editing.TestSelectiveEditing" name="test_validate_combination_method_value" time="0.004" timestamp="2023-01-11T10:58:24" file="test_selective_editing.py" line="165"/>
	<testcase classname="test_selective_editing.TestSelectiveEditing" name="test_validate_input_dataframe_type" time="0.000" timestamp="2023-01-11T10:58:24" file="test_selective_editing.py" line="67"/>
	<testcase classname="test_selective_editing.TestSelectiveEditing" name="test_validate_minkowski_distance_param_type" time="0.004" timestamp="2023-01-11T10:58:24" file="test_selective_editing.py" line="175"/>
	<testcase classname="test_selective_editing.TestSelectiveEditing" name="test_validate_minkowski_distance_param_value" time="0.004" timestamp="2023-01-11T10:58:24" file="test_selective_editing.py" line="183"/>
	<testcase classname="test_selective_editing.TestSelectiveEditing" name="test_validate_nan_for_actual_return_in_input_dataframe" time="0.014" timestamp="2023-01-11T10:58:24" file="test_selective_editing.py" line="82"/>
	<testcase classname="test_selective_editing.TestSelectiveEditing" name="test_validate_nan_for_basic_reference_data_in_input_dataframe" time="0.009" timestamp="2023-01-11T10:58:24" file="test_selective_editing.py" line="119"/>
	<testcase classname="test_selective_editing.TestSelectiveEditing" name="test_validate_nan_for_both_predicted_in_input_dataframe" time="0.013" timestamp="2023-01-11T10:58:24" file="test_selective_editing.py" line="109"/>
	<testcase classname="test_selective_editing.TestSelectiveEditing" name="test_validate_nan_for_question_weight_in_input_dataframe" time="0.016" timestamp="2023-01-11T10:58:24" file="test_selective_editing.py" line="100"/>
	<testcase classname="test_selective_editing.TestSelectiveEditing" name="test_validate_nan_for_standardising_factor_in_input_dataframe" time="0.013" timestamp="2023-01-11T10:58:24" file="test_selective_editing.py" line="91"/>
	<testcase classname="test_selective_editing.TestSelectiveEditing" name="test_validate_question_data_columns_present" time="0.028" timestamp="2023-01-11T10:58:24" file="test_selective_editing.py" line="217"/>
	<testcase classname="test_selective_editing.TestSelectiveEditing" name="test_validate_question_list_contents_type" time="0.004" timestamp="2023-01-11T10:58:24" file="test_selective_editing.py" line="147"/>
	<testcase classname="test_selective_editing.TestSelectiveEditing" name="test_validate_question_list_type" time="0.004" timestamp="2023-01-11T10:58:24" file="test_selective_editing.py" line="131"/>
	<testcase classname="test_selective_editing.TestSelectiveEditing" name="test_validate_question_list_value" time="0.004" timestamp="2023-01-11T10:58:24" file="test_selective_editing.py" line="139"/>
	<testcase classname="test_selective_editing.TestSelectiveEditing" name="test_validate_question_weight_columns_present_for_weighted_combination" time="0.005" timestamp="2023-01-11T10:58:24" file="test_selective_editing.py" line="229"/>
	<testcase classname="test_selective_editing.TestSelectiveEditing" name="test_validate_reserved_column_names_in_input_dataframe" time="0.004" timestamp="2023-01-11T10:58:24" file="test_selective_editing.py" line="73"/>
	<testcase classname="test_selective_editing.TestSelectiveEditing" name="test_weighted_scores_are_present_when_weighted_combination_used" time="0.028" timestamp="2023-01-11T10:58:24" file="test_selective_editing.py" line="289"/>
</testsuite>
