<?xml version="1.0" encoding="UTF-8"?>
<testsuite name="test_date_adjustment.TestGenerateAverageWeeklyQuestions-20230111105813" tests="7" file="test_date_adjustment.py" time="0.005" timestamp="2023-01-11T10:58:21" failures="0" errors="0" skipped="0">
	<testcase classname="test_date_adjustment.TestGenerateAverageWeeklyQuestions" name="test_failure_on_no_input" time="0.000" timestamp="2023-01-11T10:58:21" file="test_date_adjustment.py" line="635"/>
	<testcase classname="test_date_adjustment.TestGenerateAverageWeeklyQuestions" name="test_output_for_A" time="0.000" timestamp="2023-01-11T10:58:21" file="test_date_adjustment.py" line="666"/>
	<testcase classname="test_date_adjustment.TestGenerateAverageWeeklyQuestions" name="test_output_for_N" time="0.000" timestamp="2023-01-11T10:58:21" file="test_date_adjustment.py" line="671"/>
	<testcase classname="test_date_adjustment.TestGenerateAverageWeeklyQuestions" name="test_output_for_question_strings" time="0.003" timestamp="2023-01-11T10:58:21" file="test_date_adjustment.py" line="676"/>
	<testcase classname="test_date_adjustment.TestGenerateAverageWeeklyQuestions" name="test_output_is_list" time="0.000" timestamp="2023-01-11T10:58:21" file="test_date_adjustment.py" line="659"/>
	<testcase classname="test_date_adjustment.TestGenerateAverageWeeklyQuestions" name="test_validate_average_weekly_param" time="0.000" timestamp="2023-01-11T10:58:21" file="test_date_adjustment.py" line="642"/>
	<testcase classname="test_date_adjustment.TestGenerateAverageWeeklyQuestions" name="test_validate_target_columns_param" time="0.000" timestamp="2023-01-11T10:58:21" file="test_date_adjustment.py" line="651"/>
</testsuite>
