<?xml version="1.0" encoding="UTF-8"?>
<testsuite name="test_date_adjustment.TestSecondaryWranglerSubfunction-20230111105813" tests="18" file="test_date_adjustment.py" time="0.897" timestamp="2023-01-11T10:58:23" failures="0" errors="0" skipped="0">
	<testcase classname="test_date_adjustment.TestSecondaryWranglerSubfunction" name="test_days_in_contributors_return_period_exists" time="0.071" timestamp="2023-01-11T10:58:22" file="test_date_adjustment.py" line="1566"/>
	<testcase classname="test_date_adjustment.TestSecondaryWranglerSubfunction" name="test_double_period_marker_set_on_warning" time="0.072" timestamp="2023-01-11T10:58:22" file="test_date_adjustment.py" line="1621"/>
	<testcase classname="test_date_adjustment.TestSecondaryWranglerSubfunction" name="test_equal_weighted_sets_weight_n_correctly" time="0.070" timestamp="2023-01-11T10:58:22" file="test_date_adjustment.py" line="1640"/>
	<testcase classname="test_date_adjustment.TestSecondaryWranglerSubfunction" name="test_input_not_dataframe" time="0.000" timestamp="2023-01-11T10:58:22" file="test_date_adjustment.py" line="1461"/>
	<testcase classname="test_date_adjustment.TestSecondaryWranglerSubfunction" name="test_input_provided" time="0.000" timestamp="2023-01-11T10:58:22" file="test_date_adjustment.py" line="1456"/>
	<testcase classname="test_date_adjustment.TestSecondaryWranglerSubfunction" name="test_long_period_marker_set_on_warning" time="0.065" timestamp="2023-01-11T10:58:23" file="test_date_adjustment.py" line="1579"/>
	<testcase classname="test_date_adjustment.TestSecondaryWranglerSubfunction" name="test_m_weight_zero_when_E07_generated" time="0.067" timestamp="2023-01-11T10:58:23" file="test_date_adjustment.py" line="1736"/>
	<testcase classname="test_date_adjustment.TestSecondaryWranglerSubfunction" name="test_m_weight_zero_when_E08_generated" time="0.065" timestamp="2023-01-11T10:58:23" file="test_date_adjustment.py" line="1758"/>
	<testcase classname="test_date_adjustment.TestSecondaryWranglerSubfunction" name="test_n_weight_zero_when_E06_generated" time="0.067" timestamp="2023-01-11T10:58:23" file="test_date_adjustment.py" line="1713"/>
	<testcase classname="test_date_adjustment.TestSecondaryWranglerSubfunction" name="test_output_is_dataframe" time="0.071" timestamp="2023-01-11T10:58:23" file="test_date_adjustment.py" line="1531"/>
	<testcase classname="test_date_adjustment.TestSecondaryWranglerSubfunction" name="test_output_mid_point_not_equal_yt" time="0.072" timestamp="2023-01-11T10:58:23" file="test_date_adjustment.py" line="1545"/>
	<testcase classname="test_date_adjustment.TestSecondaryWranglerSubfunction" name="test_output_still_contains_target_columns" time="0.070" timestamp="2023-01-11T10:58:23" file="test_date_adjustment.py" line="1688"/>
	<testcase classname="test_date_adjustment.TestSecondaryWranglerSubfunction" name="test_required_cols_missing_from_input" time="0.013" timestamp="2023-01-11T10:58:23" file="test_date_adjustment.py" line="1503"/>
	<testcase classname="test_date_adjustment.TestSecondaryWranglerSubfunction" name="test_short_period_marker_set_on_warning" time="0.073" timestamp="2023-01-11T10:58:23" file="test_date_adjustment.py" line="1600"/>
	<testcase classname="test_date_adjustment.TestSecondaryWranglerSubfunction" name="test_target_columns_not_list" time="0.012" timestamp="2023-01-11T10:58:23" file="test_date_adjustment.py" line="1488"/>
	<testcase classname="test_date_adjustment.TestSecondaryWranglerSubfunction" name="test_trading_weights_not_dataframe" time="0.012" timestamp="2023-01-11T10:58:23" file="test_date_adjustment.py" line="1472"/>
	<testcase classname="test_date_adjustment.TestSecondaryWranglerSubfunction" name="test_validate_required_cols_missing_from_trading_weight" time="0.016" timestamp="2023-01-11T10:58:23" file="test_date_adjustment.py" line="1516"/>
	<testcase classname="test_date_adjustment.TestSecondaryWranglerSubfunction" name="test_weights_n_set_correctly" time="0.081" timestamp="2023-01-11T10:58:23" file="test_date_adjustment.py" line="1659"/>
</testsuite>
